<?xml version="1.0" encoding="UTF-8"?>
<testng-results ignored="0" total="1" passed="1" failed="0" skipped="0">
  <reporter-output>
  </reporter-output>
  <suite started-at="2022-09-21T17:01:54 IST" name="Default suite" finished-at="2022-09-21T17:01:55 IST" duration-ms="1728">
    <groups>
    </groups>
    <test started-at="2022-09-21T17:01:54 IST" name="Default test" finished-at="2022-09-21T17:01:55 IST" duration-ms="1728">
      <class name="com.sgtesting.demotest.NewTest1">
        <test-method signature="launchbrowser()[pri:1, instance:com.sgtesting.demotest.NewTest1@2d710f1a]" started-at="2022-09-21T17:01:54 IST" name="launchbrowser" finished-at="2022-09-21T17:01:55 IST" duration-ms="1702" status="PASS">
          <reporter-output>
          </reporter-output>
        </test-method> <!-- launchbrowser -->
      </class> <!-- com.sgtesting.demotest.NewTest1 -->
    </test> <!-- Default test -->
  </suite> <!-- Default suite -->
</testng-results>
